Arguments: 
  /usr/local/bin/node /Users/steve/.yarn/bin/yarn.js build

PATH: 
  /Users/steve/.cargo/bin:/Users/steve/.yarn/bin:/Users/steve/.config/yarn/global/node_modules/.bin:/Users/steve/.opam/system/bin:/Users/steve/.npm-packages/bin:/usr/local/bin:/usr/bin:/bin:/usr/sbin:/sbin:/usr/local/share/dotnet:/Users/steve/.cargo/bin:/Users/steve/.yarn/bin:/Users/steve/.config/yarn/global/node_modules/.bin:/Users/steve/.sdkman/candidates/java/current/bin:/Users/steve/.opam/system/bin:/Users/steve/.npm-packages/bin:/usr/local/java/apache-maven-3.5.0/bin:/Users/steve/git/webassembly/wabt/build:/usr/local/java/apache-maven-3.5.0/bin:/Users/steve/git/webassembly/wabt/build

Yarn version: 
  1.22.4

Node version: 
  14.8.0

Platform: 
  darwin x64

Trace: 
  SyntaxError: /Users/steve/git/heswell/heswell/packages/grid/package.json: Unexpected token } in JSON at position 1021
      at JSON.parse (<anonymous>)
      at /Users/steve/.yarn/lib/cli.js:1625:59
      at Generator.next (<anonymous>)
      at step (/Users/steve/.yarn/lib/cli.js:310:30)
      at /Users/steve/.yarn/lib/cli.js:321:13

npm manifest: 
  {
    "name": "@heswell/grid",
    "version": "1.0.13",
    "description": "Heswell data grid",
    "main": "dist/index.js",
    "module": "dist/index.js",
    "publishConfig": {
      "access": "public"
    },
    "files": [
      "dist",
      "index.d.ts"
    ],
    "scripts": {
      "test": "jest",
      "clean": "rm -rf dist/*",
      "build": "rollup -c --environment BUILD:production",
      "build:dev": "rollup -c --environment BUILD:development"
    },
    "author": "heswell",
    "license": "MIT",
    "peerDependencies": {
      "@heswell/data-source": "^1.0.0",
      "@heswell/utils": "^2.0.0",
      "classnames": "^2.2.6",
      "react": "16.13.1",
      "react-dom": "16.13.1"
    },
    "devDependencies": {
      "jest": "^24.9.0",
      "rollup": "1.29.0",
      "rollup-plugin-babel": "^4.3.3",
      "rollup-plugin-commonjs": "^10.1.0",
      "rollup-plugin-filesize": "^6.2.1",
      "rollup-plugin-node-resolve": "^5.2.0",
      "rollup-plugin-postcss": "^2.0.3",
      "rollup-plugin-terser": "^5.1.2"
    },
    "gitHead": "4607a2bf8ad64e691e619304ad931b52cb513eb8",
  }

yarn manifest: 
  No manifest

Lockfile: 
  No lockfile
