Arguments: 
  /usr/local/Homebrew/Cellar/node@12/12.20.0/bin/node /usr/local/Homebrew/Cellar/yarn/1.22.10/libexec/bin/yarn.js

PATH: 
  /usr/local/Homebrew/opt/node@10/bin:/Users/R674775/bin:/usr/local/Homebrew/opt/node@12/bin:/usr/local/Homebrew/bin:/usr/local/bin:/usr/bin:/bin:/usr/sbin:/sbin

Yarn version: 
  1.22.10

Node version: 
  12.20.0

Platform: 
  darwin x64

Trace: 
  Error: https://artifacts.jpmchase.net:443/artifactory/api/npm/npm/@uitk%2flayout: not_found
      at Request.params.callback [as _callback] (/usr/local/Homebrew/Cellar/yarn/1.22.10/libexec/lib/cli.js:66988:18)
      at Request.self.callback (/usr/local/Homebrew/Cellar/yarn/1.22.10/libexec/lib/cli.js:140749:22)
      at Request.emit (events.js:314:20)
      at Request.<anonymous> (/usr/local/Homebrew/Cellar/yarn/1.22.10/libexec/lib/cli.js:141721:10)
      at Request.emit (events.js:314:20)
      at IncomingMessage.<anonymous> (/usr/local/Homebrew/Cellar/yarn/1.22.10/libexec/lib/cli.js:141643:12)
      at Object.onceWrapper (events.js:420:28)
      at IncomingMessage.emit (events.js:326:22)
      at endReadableNT (_stream_readable.js:1241:12)
      at processTicksAndRejections (internal/process/task_queues.js:84:21)

npm manifest: 
  {
    "name": "root",
    "private": true,
    "scripts": {
      "clean": "lerna run --parallel clean",
      "viewserver": "node --experimental-modules scripts/run-viewserver.mjs",
      "viewserver:debug": "node --experimental-modules scripts/run-viewserver-debug.mjs",
      "storybook": "start-storybook -p 6006 -s ./stories/public",
      "build-storybook": "build-storybook",
      "docgen": "node ./scripts/docgen"
    },
    "workspaces": [
      "packages/*"
    ],
    "devDependencies": {
      "@babel/core": "^7.11.4",
      "@babel/plugin-proposal-nullish-coalescing-operator": "^7.10.4",
      "@babel/plugin-proposal-optional-chaining": "^7.11.0",
      "@babel/plugin-syntax-dynamic-import": "^7.8.3",
      "@babel/preset-react": "^7.10.4",
      "@rollup/plugin-babel": "^5.2.1",
      "@storybook/addon-actions": "^6.0.21",
      "@storybook/addon-essentials": "^6.0.21",
      "@storybook/addon-knobs": "^6.1.11",
      "@storybook/addon-links": "^6.0.21",
      "@storybook/react": "^6.0.21",
      "@testing-library/react": "^11.2.2",
      "@testing-library/react-hooks": "^3.4.2",
      "babel-loader": "^8.1.0",
      "prop-types": "^15.7.2",
      "react-docgen": "^5.3.0",
      "react-is": "^16.13.1",
      "react-test-renderer": "16.14.0",
      "rollup": "1.29.0",
      "rollup-plugin-commonjs": "^10.1.0",
      "rollup-plugin-copy": "^3.3.0",
      "rollup-plugin-filesize": "^6.2.1",
      "rollup-plugin-terser": "^5.1.2",
      "rollup-plugin-visualizer": "^3.3.0",
      "source-map-loader": "^0.2.4"
    },
    "dependencies": {
      "@finos/perspective": "^0.5.3",
      "@uitk/layout": "^1.0.0",
      "classnames": "^2.2.6",
      "global": "^4.4.0",
      "material-design-icons": "^3.0.1",
      "react": "16.14.0",
      "react-dom": "16.14.0",
      "styled-components": "5.2.1"
    },
    "babel": {
      "presets": [
        "@babel/env"
      ],
      "plugins": [
        "dynamic-import-node"
      ],
      "sourceMaps": true,
      "retainLines": true
    }
  }

yarn manifest: 
  No manifest

Lockfile: 
  No lockfile
